  [1m[36mSQL (0.2ms)[0m  [1m SELECT name
 FROM sqlite_master
 WHERE type = 'table' AND NOT name = 'sqlite_sequence'
[0m
  [1m[35mSQL (0.1ms)[0m  select sqlite_version(*)
  [1m[36mSQL (1.2ms)[0m  [1mCREATE TABLE "schema_migrations" ("version" varchar(255) NOT NULL) [0m
  [1m[35mSQL (0.0ms)[0m  PRAGMA index_list("schema_migrations")
  [1m[36mSQL (7.1ms)[0m  [1mCREATE UNIQUE INDEX "unique_schema_migrations" ON "schema_migrations" ("version")[0m
  [1m[35mSQL (0.1ms)[0m   SELECT name
 FROM sqlite_master
 WHERE type = 'table' AND NOT name = 'sqlite_sequence'
  [1m[36mSQL (0.2ms)[0m  [1m SELECT name
 FROM sqlite_master
 WHERE type = 'table' AND NOT name = 'sqlite_sequence'
[0m
  [1m[35mSQL (0.1ms)[0m  SELECT "schema_migrations"."version" FROM "schema_migrations"
Migrating to CreateEvents (20101102202437)
  [1m[36mSQL (0.4ms)[0m  [1mCREATE TABLE "events" ("id" INTEGER PRIMARY KEY AUTOINCREMENT NOT NULL, "name" varchar(255), "budget" decimal, "created_at" datetime, "updated_at" datetime) [0m
  [1m[35mSQL (0.1ms)[0m  INSERT INTO "schema_migrations" ("version") VALUES ('20101102202437')
  [1m[36mSQL (0.2ms)[0m  [1m SELECT name
 FROM sqlite_master
 WHERE type = 'table' AND NOT name = 'sqlite_sequence'
[0m
  [1m[35mSQL (0.2ms)[0m  SELECT "schema_migrations"."version" FROM "schema_migrations"
  [1m[36mSQL (0.1ms)[0m  [1m SELECT name
 FROM sqlite_master
 WHERE type = 'table' AND NOT name = 'sqlite_sequence'
[0m
  [1m[35mSQL (0.0ms)[0m  PRAGMA index_list("events")


Started GET "/events" for 127.0.0.1 at Tue Nov 02 14:38:07 -0600 2010
  Processing by EventsController#index as HTML
  [1m[36mSQL (0.4ms)[0m  [1m SELECT name
 FROM sqlite_master
 WHERE type = 'table' AND NOT name = 'sqlite_sequence'
[0m
  [1m[35mEvent Load (0.1ms)[0m  SELECT "events".* FROM "events"
Rendered events/index.html.erb within layouts/application (17.1ms)
Completed 200 OK in 204ms (Views: 92.4ms | ActiveRecord: 0.4ms)


Started GET "/events/new" for 127.0.0.1 at Tue Nov 02 14:38:20 -0600 2010
  Processing by EventsController#new as HTML
Rendered events/_form.html.erb (117.9ms)
Rendered events/new.html.erb within layouts/application (125.6ms)
Completed 200 OK in 155ms (Views: 150.3ms | ActiveRecord: 0.0ms)


Started POST "/events" for 127.0.0.1 at Tue Nov 02 14:38:28 -0600 2010
  Processing by EventsController#create as HTML
  Parameters: {"commit"=>"Create Event", "authenticity_token"=>"xp9ZojzPWjeD36zkNPYyyYGxBfE8fEBZmJbgXf5sn3w=", "utf8"=>"✓", "event"=>{"name"=>"Test", "budget"=>"4000"}}
  [1m[36mSQL (0.8ms)[0m  [1mINSERT INTO "events" ("budget", "created_at", "name", "updated_at") VALUES (4000.0, '2010-11-02 20:38:28.492260', 'Test', '2010-11-02 20:38:28.492260')[0m
Redirected to http://localhost:3000/events/1
Completed 302 Found in 84ms


Started GET "/events/1" for 127.0.0.1 at Tue Nov 02 14:38:28 -0600 2010
  Processing by EventsController#show as HTML
  Parameters: {"id"=>"1"}
  [1m[35mEvent Load (0.1ms)[0m  SELECT "events".* FROM "events" WHERE ("events"."id" = 1) LIMIT 1
Rendered events/show.html.erb within layouts/application (5.5ms)
Completed 200 OK in 63ms (Views: 54.7ms | ActiveRecord: 0.1ms)


Started GET "/events" for 127.0.0.1 at Tue Nov 02 14:38:32 -0600 2010
  Processing by EventsController#index as HTML
  [1m[36mEvent Load (0.4ms)[0m  [1mSELECT "events".* FROM "events"[0m
Rendered events/index.html.erb within layouts/application (5.6ms)
Completed 200 OK in 15ms (Views: 9.9ms | ActiveRecord: 0.4ms)
  [1m[36mSQL (0.7ms)[0m  [1m SELECT name
 FROM sqlite_master
 WHERE type = 'table' AND NOT name = 'sqlite_sequence'
[0m
  [1m[35mSQL (0.2ms)[0m   SELECT name
 FROM sqlite_master
 WHERE type = 'table' AND NOT name = 'sqlite_sequence'
  [1m[36mSQL (0.1ms)[0m  [1mSELECT "schema_migrations"."version" FROM "schema_migrations"[0m
Migrating to CreateEvents (20101102202437)
Migrating to CreateVendors (20101102204014)
  [1m[35mSQL (0.0ms)[0m  select sqlite_version(*)
  [1m[36mSQL (0.3ms)[0m  [1mCREATE TABLE "vendors" ("id" INTEGER PRIMARY KEY AUTOINCREMENT NOT NULL, "name" varchar(255), "email" varchar(255), "created_at" datetime, "updated_at" datetime) [0m
  [1m[35mSQL (0.1ms)[0m  INSERT INTO "schema_migrations" ("version") VALUES ('20101102204014')
  [1m[36mSQL (0.2ms)[0m  [1m SELECT name
 FROM sqlite_master
 WHERE type = 'table' AND NOT name = 'sqlite_sequence'
[0m
  [1m[35mSQL (0.1ms)[0m  SELECT "schema_migrations"."version" FROM "schema_migrations"
  [1m[36mSQL (0.1ms)[0m  [1m SELECT name
 FROM sqlite_master
 WHERE type = 'table' AND NOT name = 'sqlite_sequence'
[0m
  [1m[35mSQL (0.0ms)[0m  PRAGMA index_list("events")
  [1m[36mSQL (0.0ms)[0m  [1mPRAGMA index_list("vendors")[0m


Started GET "/vendors" for 127.0.0.1 at Tue Nov 02 14:40:35 -0600 2010
  Processing by VendorsController#index as HTML
  [1m[35mVendor Load (0.3ms)[0m  SELECT "vendors".* FROM "vendors"
Rendered vendors/index.html.erb within layouts/application (2.0ms)
Completed 200 OK in 15ms (Views: 9.3ms | ActiveRecord: 0.3ms)


Started GET "/events/1" for 127.0.0.1 at Tue Nov 02 14:41:23 -0600 2010
  Processing by EventsController#show as HTML
  Parameters: {"id"=>"1"}
  [1m[36mEvent Load (0.1ms)[0m  [1mSELECT "events".* FROM "events" WHERE ("events"."id" = 1) LIMIT 1[0m
Rendered events/show.html.erb within layouts/application (5.7ms)
Completed 200 OK in 27ms (Views: 16.2ms | ActiveRecord: 0.1ms)
